<?xml version="1.0" encoding="UTF-8"?>
<!-- Generated by org.testng.reporters.JUnitReportReporter -->
<testsuite skipped="0" hostname="USMUMKAMADAN3" name="Flows.LoginLogout" tests="2" failures="0" timestamp="13 Jul 2018 08:39:20 GMT" time="33.865" errors="0">
  <testcase name="DemoQA" time="12.977" classname="Flows.LoginLogout"/>
  <testcase name="DemoQARegister" time="20.888" classname="Flows.LoginLogout"/>
</testsuite> <!-- Flows.LoginLogout -->
