<?xml version="1.0" encoding="UTF-8"?>
<!-- Generated by org.testng.reporters.JUnitReportReporter -->
<testsuite skipped="0" hostname="USMUMKAMADAN3" name="Flows.LoginLogout2" tests="1" failures="0" timestamp="12 Jul 2018 13:37:16 GMT" time="0.001" errors="0">
  <testcase name="ThirdTestCase" time="0.001" classname="Flows.LoginLogout2"/>
</testsuite> <!-- Flows.LoginLogout2 -->
