<?xml version="1.0" encoding="UTF-8"?>
<!-- Generated by org.testng.reporters.JUnitReportReporter -->
<testsuite skipped="0" hostname="USMUMKAMADAN3" name="test.java.MavenTest" tests="3" failures="0" timestamp="10 Jul 2018 10:27:03 GMT" time="6.254" errors="0">
  <testcase name="FirstTestCase" time="6.254" classname="test.java.MavenTest"/>
  <testcase name="SecondTestCase" time="0.000" classname="test.java.MavenTest"/>
  <testcase name="ThirdTestCase" time="0.000" classname="test.java.MavenTest"/>
</testsuite> <!-- test.java.MavenTest -->
