<?xml version="1.0" encoding="UTF-8"?>
<!-- Generated by org.testng.reporters.JUnitReportReporter -->
<testsuite skipped="0" hostname="KAPIL" name="Flows.LoginLogout" tests="2" failures="0" timestamp="14 Aug 2018 06:53:37 GMT" time="38.172" errors="0">
  <testcase name="DemoQA" time="17.251" classname="Flows.LoginLogout"/>
  <testcase name="DemoQARegister" time="20.921" classname="Flows.LoginLogout"/>
</testsuite> <!-- Flows.LoginLogout -->
