<?xml version="1.0" encoding="UTF-8"?>
<!-- Generated by org.testng.reporters.JUnitReportReporter -->
<testsuite skipped="0" hostname="USMUMKAMADAN3" name="test.java.MavenTest" tests="1" failures="0" timestamp="10 Jul 2018 10:06:31 GMT" time="5.911" errors="0">
  <testcase name="f" time="5.911" classname="test.java.MavenTest"/>
</testsuite> <!-- test.java.MavenTest -->
