<?xml version="1.0" encoding="UTF-8"?>
<!-- Generated by org.testng.reporters.JUnitReportReporter -->
<testsuite skipped="0" hostname="USMUMKAMADAN3" name="test.java.MavenTest" tests="1" failures="0" timestamp="12 Jul 2018 08:07:56 GMT" time="13.602" errors="0">
  <testcase name="Test" time="13.602" classname="test.java.MavenTest"/>
</testsuite> <!-- test.java.MavenTest -->
