<?xml version="1.0" encoding="UTF-8"?>
<!-- Generated by org.testng.reporters.JUnitReportReporter -->
<testsuite skipped="0" hostname="USMUMKAMADAN3" name="Flows.LoginLogout" tests="2" failures="0" timestamp="16 Jul 2018 12:11:26 GMT" time="22.996" errors="0">
  <testcase name="DemoQA" time="8.917" classname="Flows.LoginLogout"/>
  <testcase name="DemoQARegister" time="14.079" classname="Flows.LoginLogout"/>
</testsuite> <!-- Flows.LoginLogout -->
